\BOOKMARK [0][-]{chapter*.1}{ABSTRACT}{}% 1
\BOOKMARK [0][-]{chapter*.2}{ACKNOWLEDGMENTS}{}% 2
\BOOKMARK [0][-]{chapter*.3}{LIST OF ILLUSTRATIONS}{}% 3
\BOOKMARK [0][-]{chapter*.4}{LIST OF TABLES}{}% 4
\BOOKMARK [0][-]{chapter*.5}{NOMENCLATURE}{}% 5
\BOOKMARK [0][-]{chapter.1}{Introduction}{}% 6
\BOOKMARK [0][-]{chapter.2}{Literature Review}{}% 7
\BOOKMARK [0][-]{chapter.3}{Methodology}{}% 8
\BOOKMARK [1][-]{section.3.1}{Encoding Selection Functions}{chapter.3}% 9
\BOOKMARK [1][-]{section.3.2}{Search Methodology}{chapter.3}% 10
\BOOKMARK [0][-]{chapter.4}{Initial Experimentation}{}% 11
\BOOKMARK [1][-]{section.4.1}{Experimental Setup}{chapter.4}% 12
\BOOKMARK [1][-]{section.4.2}{Results, Observations, and Takeaways}{chapter.4}% 13
\BOOKMARK [0][-]{chapter.5}{Primary Experiments}{}% 14
\BOOKMARK [1][-]{section.5.1}{Evolution of Parent and Survival Selection For A Basic EA Solving MK-Landscapes}{chapter.5}% 15
\BOOKMARK [1][-]{section.5.2}{Evolution of Parent and Survival Selection For A Basic EA Solving Real-Valued Benchmarks}{chapter.5}% 16
\BOOKMARK [1][-]{section.5.3}{Evolution of Selection For CMA-ES Solving Real-Valued Benchmarks}{chapter.5}% 17
\BOOKMARK [0][-]{chapter.6}{Results}{}% 18
\BOOKMARK [1][-]{section.6.1}{Results And Observations From First Experiment}{chapter.6}% 19
\BOOKMARK [1][-]{section.6.2}{Results And Observations From Second Experiment}{chapter.6}% 20
\BOOKMARK [1][-]{section.6.3}{Results And Observations From Third Experiment}{chapter.6}% 21
\BOOKMARK [0][-]{chapter.7}{Conclusions}{}% 22
\BOOKMARK [0][-]{chapter.8}{Threats To Validity}{}% 23
\BOOKMARK [0][-]{chapter.9}{Future Work}{}% 24
\BOOKMARK [0][-]{appendix.A}{Psuedocode For Final Selection Methods}{}% 25
\BOOKMARK [0][-]{appendix.B}{iRace Generated EA Parameters For Basic EA Running On Real-Valued Problems}{}% 26
\BOOKMARK [0][-]{appendix.C}{Representations of Conventional Selection Functions in Initial Experimentation}{}% 27
\BOOKMARK [0][-]{figure.caption.21}{REFERENCES}{}% 28
\BOOKMARK [0][-]{appendix*.23}{VITA}{}% 29
