mktexpk --mfmode / --bdpi 600 --mag 0+480/600 --dpi 480 LinLibertineTI-tlf-t1
mktexpk --mfmode / --bdpi 600 --mag 0+480/600 --dpi 480 LinLibertineTB-tlf-t1
mktexpk --mfmode / --bdpi 600 --mag 0+480/600 --dpi 480 LinLibertineT-tlf-t1
mktexpk --mfmode / --bdpi 600 --mag 1+57/600 --dpi 657 LinLibertineTB-tlf-t1
mktexpk --mfmode / --bdpi 600 --mag 0+420/600 --dpi 420 LinLibertineT-tlf-ts1
mktexpk --mfmode / --bdpi 600 --mag 0+420/600 --dpi 420 LinLibertineTI-tlf-t1
mktexpk --mfmode / --bdpi 600 --mag 1+0/600 --dpi 600 LinLibertineT-tlf-t1
mktexpk --mfmode / --bdpi 600 --mag 1+120/600 --dpi 720 LinLibertineT-tlf-t1
mktexpk --mfmode / --bdpi 600 --mag 1+437/600 --dpi 1037 LinBiolinumTB-tlf-t1
mktexpk --mfmode / --bdpi 600 --mag 0+420/600 --dpi 420 LinLibertineT-tlf-t1
mktexpk --mfmode / --bdpi 600 --mag 0+540/600 --dpi 540 LinLibertineT-tlf-t1
mktexpk --mfmode / --bdpi 600 --mag 0+480/600 --dpi 480 LinLibertineTI-tlf-t1
mktexpk --mfmode / --bdpi 600 --mag 0+480/600 --dpi 480 LinLibertineTB-tlf-t1
mktexpk --mfmode / --bdpi 600 --mag 0+480/600 --dpi 480 LinLibertineT-tlf-t1
mktexpk --mfmode / --bdpi 600 --mag 1+57/600 --dpi 657 LinLibertineTB-tlf-t1
mktexpk --mfmode / --bdpi 600 --mag 0+420/600 --dpi 420 LinLibertineT-tlf-ts1
mktexpk --mfmode / --bdpi 600 --mag 0+420/600 --dpi 420 LinLibertineTI-tlf-t1
mktexpk --mfmode / --bdpi 600 --mag 1+0/600 --dpi 600 LinLibertineT-tlf-t1
mktexpk --mfmode / --bdpi 600 --mag 1+120/600 --dpi 720 LinLibertineT-tlf-t1
mktexpk --mfmode / --bdpi 600 --mag 1+437/600 --dpi 1037 LinBiolinumTB-tlf-t1
mktexpk --mfmode / --bdpi 600 --mag 0+420/600 --dpi 420 LinLibertineT-tlf-t1
mktexpk --mfmode / --bdpi 600 --mag 0+540/600 --dpi 540 LinLibertineT-tlf-t1
